<?xml version="1.0" encoding="UTF-8"?>
<!-- Generated by org.testng.reporters.JUnitXMLReporter -->
<testsuite ignored="0" hostname="LAPTOP-4AAG13DH" failures="0" tests="4" name="Test" time="29.68" errors="0" timestamp="2026-04-29T05:43:20 IST">
  <testcase classname="com.test.DashboardTest" name="loginvalidTest" time="5.452"/>
  <testcase classname="com.test.LoginTest" name="loginPageTitleTest" time="3.163"/>
  <testcase classname="com.test.LoginTest" name="loginValidTest" time="2.634"/>
  <testcase classname="com.test.LoginTest" name="loginInvalidTest" time="4.473"/>
</testsuite> <!-- Test -->
