<?xml version="1.0" encoding="UTF-8"?>
<!-- Generated by org.testng.reporters.JUnitReportReporter -->
<testsuite hostname="LAPTOP-4AAG13DH" failures="0" tests="3" name="com.test.LoginTest" time="19.684" errors="0" timestamp="2026-04-29T05:43:20 IST" skipped="0">
  <testcase classname="com.test.LoginTest" name="loginPageTitleTest" time="5.238"/>
  <testcase classname="com.test.LoginTest" name="loginValidTest" time="4.858"/>
  <testcase classname="com.test.LoginTest" name="loginInvalidTest" time="9.588"/>
</testsuite> <!-- com.test.LoginTest -->
